# JRE version: 7.0_09-b05
# Java VM: Java HotSpot(TM) Server VM (23.5-b02 mixed mode linux-x86 )
Heap
 PSYoungGen      total 25728K, used 20875K [0xa5050000, 0xa6b50000, 0xb46f0000)
  eden space 23808K, 79% used [0xa5050000,0xa62d4f40,0xa6790000)
  from space 1920K, 99% used [0xa6970000,0xa6b4e060,0xa6b50000)
  to   space 1920K, 0% used [0xa6790000,0xa6790000,0xa6970000)
 ParOldGen       total 31616K, used 712K [0x862f0000, 0x881d0000, 0xa5050000)
  object space 31616K, 2% used [0x862f0000,0x863a2010,0x881d0000)
 PSPermGen       total 16384K, used 11219K [0x822f0000, 0x832f0000, 0x862f0000)
  object space 16384K, 68% used [0x822f0000,0x82de4d70,0x832f0000)
GC Heap History (4 events):
Event: 0.903 GC heap before
{Heap before GC invocations=1 (full 0):
 PSYoungGen      total 13824K, used 11904K [0xa5050000, 0xa5fb0000, 0xb46f0000)
  eden space 11904K, 100% used [0xa5050000,0xa5bf0000,0xa5bf0000)
  from space 1920K, 0% used [0xa5dd0000,0xa5dd0000,0xa5fb0000)
  to   space 1920K, 0% used [0xa5bf0000,0xa5bf0000,0xa5dd0000)
 ParOldGen       total 31616K, used 0K [0x862f0000, 0x881d0000, 0xa5050000)
  object space 31616K, 0% used [0x862f0000,0x862f0000,0x881d0000)
 PSPermGen       total 16384K, used 5143K [0x822f0000, 0x832f0000, 0x862f0000)
  object space 16384K, 31% used [0x822f0000,0x827f5cd8,0x832f0000)
Event: 0.913 GC heap after
Heap after GC invocations=1 (full 0):
 PSYoungGen      total 13824K, used 1080K [0xa5050000, 0xa6b50000, 0xb46f0000)
  eden space 11904K, 0% used [0xa5050000,0xa5050000,0xa5bf0000)
  from space 1920K, 56% used [0xa5bf0000,0xa5cfe090,0xa5dd0000)
  to   space 1920K, 0% used [0xa6970000,0xa6970000,0xa6b50000)
 ParOldGen       total 31616K, used 0K [0x862f0000, 0x881d0000, 0xa5050000)
  object space 31616K, 0% used [0x862f0000,0x862f0000,0x881d0000)
 PSPermGen       total 16384K, used 5143K [0x822f0000, 0x832f0000, 0x862f0000)
  object space 16384K, 31% used [0x822f0000,0x827f5cd8,0x832f0000)
}
Event: 1.752 GC heap before
{Heap before GC invocations=2 (full 0):
 PSYoungGen      total 13824K, used 12984K [0xa5050000, 0xa6b50000, 0xb46f0000)
  eden space 11904K, 100% used [0xa5050000,0xa5bf0000,0xa5bf0000)
  from space 1920K, 56% used [0xa5bf0000,0xa5cfe090,0xa5dd0000)
  to   space 1920K, 0% used [0xa6970000,0xa6970000,0xa6b50000)
 ParOldGen       total 31616K, used 0K [0x862f0000, 0x881d0000, 0xa5050000)
  object space 31616K, 0% used [0x862f0000,0x862f0000,0x881d0000)
 PSPermGen       total 16384K, used 7645K [0x822f0000, 0x832f0000, 0x862f0000)
  object space 16384K, 46% used [0x822f0000,0x82a67538,0x832f0000)
Event: 1.763 GC heap after
Heap after GC invocations=2 (full 0):
 PSYoungGen      total 25728K, used 1912K [0xa5050000, 0xa6b50000, 0xb46f0000)
  eden space 23808K, 0% used [0xa5050000,0xa5050000,0xa6790000)
  from space 1920K, 99% used [0xa6970000,0xa6b4e060,0xa6b50000)
  to   space 1920K, 0% used [0xa6790000,0xa6790000,0xa6970000)
 ParOldGen       total 31616K, used 712K [0x862f0000, 0x881d0000, 0xa5050000)
  object space 31616K, 2% used [0x862f0000,0x863a2010,0x881d0000)
 PSPermGen       total 16384K, used 7645K [0x822f0000, 0x832f0000, 0x862f0000)
  object space 16384K, 46% used [0x822f0000,0x82a67538,0x832f0000)
}

